[1/21] ana-animefest-la
  mp4 done:  13M
  webm done:  18M
[2/21] artistexposition-japan
  mp4 done: 2.0M
  webm done: 2.3M
[3/21] designercon2024
  mp4 done: 5.5M
  webm done: 7.3M
[4/21] designercon-3d-models
  mp4 done: 4.8M
  webm done: 5.3M
[5/21] disney-comiccon-toronto
  mp4 done: 6.0M
  webm done:  10M
[6/21] espolon-la
  mp4 done: 5.5M
  webm done: 5.3M
[7/21] f1-las-vegas-grand-prix
  mp4 done: 7.8M
  webm done:  12M
[8/21] ganga-tattoo-spain
  mp4 done: 7.8M
  webm done: 9.3M
[9/21] hyundai-seoul
  mp4 done:  10M
  webm done:  15M
[10/21] jabil-ofc-la
  mp4 done: 9.0M
  webm done:  19M
[11/21] led-reel
  mp4 done: 7.3M
  webm done:  12M
[12/21] modelo-rolling-loud-miami
  mp4 done: 5.8M
  webm done:  13M
[13/21] modelo-rolling-loud-miami-timelapse
  mp4 done: 3.8M
  webm done: 4.3M
[14/21] nascar-daytona
  mp4 done: 6.3M
  webm done:  15M
[15/21] outloud-festival-2024
  mp4 done: 6.0M
  webm done: 7.3M
[16/21] porsche-vancouver
  mp4 done:  11M
  webm done:  12M
[17/21] samsung-galaxy-z-flip-7-launch-nyc
  mp4 done:  10M
  webm done:  30M
[18/21] samsung-olympics
  mp4 done: 7.0M
  webm done:  13M
[19/21] samsung-galaxy-z-flip-7-launch-paris
  mp4 done: 7.5M
  webm done:  19M
[20/21] shift-midtown-nyc
  mp4 done: 6.0M
  webm done: 6.3M
[21/21] williams-racing-formula1
  mp4 done: 8.8M
  webm done:  13M
ALL DONE
